2018-11-15 21:52:00.219 INFO  com.itstyle.seckill.Application Line:48  - Starting Application on CGUDKWIJJ7F11TT with PID 81384 (D:\code\spring\spring-boot-seckill\target\classes started by Administrator in D:\code\spring\spring-boot-seckill)
2018-11-15 21:52:00.261 INFO  com.itstyle.seckill.Application Line:593 - No active profile set, falling back to default profiles: default
2018-11-15 21:52:02.489 INFO  org.springframework.boot.context.embedded.AnnotationConfigEmbeddedWebApplicationContext Line:583 - Refreshing org.springframework.boot.context.embedded.AnnotationConfigEmbeddedWebApplicationContext@e19bb76: startup date [Thu Nov 15 21:52:02 CST 2018]; root of context hierarchy
2018-11-15 21:52:12.106 INFO  org.springframework.data.repository.config.RepositoryConfigurationDelegate Line:165 - Multiple Spring Data modules found, entering strict repository configuration mode!
2018-11-15 21:52:13.121 INFO  org.springframework.data.repository.config.RepositoryConfigurationDelegate Line:165 - Multiple Spring Data modules found, entering strict repository configuration mode!
2018-11-15 21:52:13.657 INFO  org.springframework.data.repository.config.RepositoryConfigurationExtensionSupport Line:270 - Spring Data Redis - Could not safely identify store assignment for repository candidate interface com.itstyle.seckill.repository.SeckillRepository.
2018-11-15 21:52:14.102 INFO  org.springframework.beans.factory.support.DefaultListableBeanFactory Line:828 - Overriding bean definition for bean 'propertySourcesPlaceholderConfigurer' with a different definition: replacing [Root bean: class [org.springframework.boot.autoconfigure.context.PropertyPlaceholderAutoConfiguration]; scope=; abstract=false; lazyInit=false; autowireMode=3; dependencyCheck=0; autowireCandidate=true; primary=false; factoryBeanName=null; factoryMethodName=propertySourcesPlaceholderConfigurer; initMethodName=null; destroyMethodName=(inferred); defined in class path resource [org/springframework/boot/autoconfigure/context/PropertyPlaceholderAutoConfiguration.class]] with [Root bean: class [org.springframework.boot.autoconfigure.session.RedisSessionConfiguration$SpringBootRedisHttpSessionConfiguration]; scope=; abstract=false; lazyInit=false; autowireMode=3; dependencyCheck=0; autowireCandidate=true; primary=false; factoryBeanName=null; factoryMethodName=propertySourcesPlaceholderConfigurer; initMethodName=null; destroyMethodName=(inferred); defined in class path resource [org/springframework/boot/autoconfigure/session/RedisSessionConfiguration$SpringBootRedisHttpSessionConfiguration.class]]
2018-11-15 21:52:17.457 INFO  org.springframework.context.support.PostProcessorRegistrationDelegate$BeanPostProcessorChecker Line:327 - Bean 'org.springframework.kafka.annotation.KafkaBootstrapConfiguration' of type [org.springframework.kafka.annotation.KafkaBootstrapConfiguration$$EnhancerBySpringCGLIB$$deae170c] is not eligible for getting processed by all BeanPostProcessors (for example: not eligible for auto-proxying)
2018-11-15 21:52:18.000 INFO  org.springframework.context.support.PostProcessorRegistrationDelegate$BeanPostProcessorChecker Line:327 - Bean 'org.springframework.transaction.annotation.ProxyTransactionManagementConfiguration' of type [org.springframework.transaction.annotation.ProxyTransactionManagementConfiguration$$EnhancerBySpringCGLIB$$afc0589] is not eligible for getting processed by all BeanPostProcessors (for example: not eligible for auto-proxying)
2018-11-15 21:52:19.092 INFO  org.springframework.context.support.PostProcessorRegistrationDelegate$BeanPostProcessorChecker Line:327 - Bean 'redisConfig' of type [com.itstyle.seckill.common.redis.RedisConfig$$EnhancerBySpringCGLIB$$590d15c9] is not eligible for getting processed by all BeanPostProcessors (for example: not eligible for auto-proxying)
2018-11-15 21:52:19.179 INFO  org.springframework.context.support.PostProcessorRegistrationDelegate$BeanPostProcessorChecker Line:327 - Bean 'keyGenerator' of type [com.itstyle.seckill.common.redis.RedisConfig$1] is not eligible for getting processed by all BeanPostProcessors (for example: not eligible for auto-proxying)
2018-11-15 21:52:19.190 INFO  org.springframework.context.support.PostProcessorRegistrationDelegate$BeanPostProcessorChecker Line:327 - Bean 'org.springframework.cache.jcache.config.ProxyJCacheConfiguration' of type [org.springframework.cache.jcache.config.ProxyJCacheConfiguration$$EnhancerBySpringCGLIB$$2d43c807] is not eligible for getting processed by all BeanPostProcessors (for example: not eligible for auto-proxying)
2018-11-15 21:52:19.625 INFO  org.springframework.context.support.PostProcessorRegistrationDelegate$BeanPostProcessorChecker Line:327 - Bean 'org.springframework.cache.annotation.ProxyCachingConfiguration' of type [org.springframework.cache.annotation.ProxyCachingConfiguration$$EnhancerBySpringCGLIB$$540e3ba7] is not eligible for getting processed by all BeanPostProcessors (for example: not eligible for auto-proxying)
2018-11-15 21:52:23.736 INFO  org.springframework.boot.context.embedded.tomcat.TomcatEmbeddedServletContainer Line:89  - Tomcat initialized with port(s): 8080 (http)
2018-11-15 21:52:23.874 INFO  org.apache.catalina.core.StandardService Line:180 - Starting service [Tomcat]
2018-11-15 21:52:23.894 INFO  org.apache.catalina.core.StandardEngine Line:180 - Starting Servlet Engine: Apache Tomcat/8.5.27
2018-11-15 21:52:25.017 INFO  org.apache.catalina.core.ContainerBase.[Tomcat].[localhost].[/seckill] Line:180 - Initializing Spring embedded WebApplicationContext
2018-11-15 21:52:25.026 INFO  org.springframework.web.context.ContextLoader Line:276 - Root WebApplicationContext: initialization completed in 22537 ms
2018-11-15 21:52:28.538 INFO  org.springframework.boot.web.servlet.ServletRegistrationBean Line:190 - Mapping servlet: 'dispatcherServlet' to [/]
2018-11-15 21:52:28.583 INFO  org.springframework.boot.web.servlet.FilterRegistrationBean Line:258 - Mapping filter: 'metricsFilter' to: [/*]
2018-11-15 21:52:28.590 INFO  org.springframework.boot.web.servlet.FilterRegistrationBean Line:258 - Mapping filter: 'characterEncodingFilter' to: [/*]
2018-11-15 21:52:28.592 INFO  org.springframework.boot.web.servlet.FilterRegistrationBean Line:258 - Mapping filter: 'springSessionRepositoryFilter' to: [/*]
2018-11-15 21:52:28.597 INFO  org.springframework.boot.web.servlet.FilterRegistrationBean Line:258 - Mapping filter: 'hiddenHttpMethodFilter' to: [/*]
2018-11-15 21:52:28.599 INFO  org.springframework.boot.web.servlet.FilterRegistrationBean Line:258 - Mapping filter: 'httpPutFormContentFilter' to: [/*]
2018-11-15 21:52:28.601 INFO  org.springframework.boot.web.servlet.FilterRegistrationBean Line:258 - Mapping filter: 'requestContextFilter' to: [/*]
2018-11-15 21:52:28.603 INFO  org.springframework.boot.web.servlet.FilterRegistrationBean Line:258 - Mapping filter: 'webRequestLoggingFilter' to: [/*]
2018-11-15 21:52:28.607 INFO  org.springframework.boot.web.servlet.FilterRegistrationBean Line:258 - Mapping filter: 'applicationContextIdFilter' to: [/*]
2018-11-15 21:52:32.692 INFO  org.springframework.orm.jpa.LocalContainerEntityManagerFactoryBean Line:356 - Building JPA container EntityManagerFactory for persistence unit 'default'
2018-11-15 21:52:32.816 INFO  org.hibernate.jpa.internal.util.LogHelper Line:31  - HHH000204: Processing PersistenceUnitInfo [
	name: default
	...]
2018-11-15 21:52:33.739 INFO  org.hibernate.Version Line:37  - HHH000412: Hibernate Core {5.0.12.Final}
2018-11-15 21:52:33.752 INFO  org.hibernate.cfg.Environment Line:213 - HHH000206: hibernate.properties not found
2018-11-15 21:52:33.757 INFO  org.hibernate.cfg.Environment Line:317 - HHH000021: Bytecode provider name : javassist
2018-11-15 21:52:34.391 INFO  org.hibernate.annotations.common.Version Line:66  - HCANN000001: Hibernate Commons Annotations {5.0.1.Final}
2018-11-15 21:52:39.007 INFO  org.hibernate.dialect.Dialect Line:156 - HHH000400: Using dialect: org.hibernate.dialect.MySQL5Dialect
2018-11-15 21:52:39.215 INFO  org.hibernate.engine.jdbc.env.internal.LobCreatorBuilderImpl Line:63  - HHH000422: Disabling contextual LOB creation as connection was null
2018-11-15 21:52:42.783 INFO  org.hibernate.tool.hbm2ddl.SchemaUpdate Line:105 - HHH000228: Running hbm2ddl schema update
2018-11-15 21:52:44.894 INFO  org.apache.catalina.core.StandardService Line:180 - Stopping service [Tomcat]
2018-11-15 21:52:45.017 INFO  org.springframework.boot.autoconfigure.logging.AutoConfigurationReportLoggingInitializer Line:101 - 

Error starting ApplicationContext. To display the auto-configuration report re-run your application with 'debug' enabled.
